[debug] [2021-06-03T04:24:55.171Z] ----------------------------------------------------------------------
[debug] [2021-06-03T04:24:55.173Z] Command:       C:\Program Files (x86)\Common Files\Nodejs\node.exe C:\Users\tiwar\AppData\Roaming\npm\node_modules\firebase-tools\lib\bin\firebase.js init
[debug] [2021-06-03T04:24:55.174Z] CLI Version:   9.12.1
[debug] [2021-06-03T04:24:55.174Z] Platform:      win32
[debug] [2021-06-03T04:24:55.174Z] Node Version:  v15.14.0
[debug] [2021-06-03T04:24:55.175Z] Time:          Thu Jun 03 2021 09:54:55 GMT+0530 (India Standard Time)
[debug] [2021-06-03T04:24:55.175Z] ----------------------------------------------------------------------
[debug] 
[debug] [2021-06-03T04:24:55.181Z] > command requires scopes: ["email","openid","https://www.googleapis.com/auth/cloudplatformprojects.readonly","https://www.googleapis.com/auth/firebase","https://www.googleapis.com/auth/cloud-platform"]
[debug] [2021-06-03T04:24:55.181Z] > authorizing via signed-in user (techsquare.react@gmail.com)
[info] 
     ######## #### ########  ######## ########     ###     ######  ########
     ##        ##  ##     ## ##       ##     ##  ##   ##  ##       ##
     ######    ##  ########  ######   ########  #########  ######  ######
     ##        ##  ##    ##  ##       ##     ## ##     ##       ## ##
     ##       #### ##     ## ######## ########  ##     ##  ######  ########

You're about to initialize a Firebase project in this directory:

  D:\project\assignment\assign

Before we get started, keep in mind:

  * You are initializing in an existing Firebase project directory

[info] 
=== Project Setup
[info] 
[info] First, let's associate this project directory with a Firebase project.
[info] You can create multiple project aliases by running firebase use --add, 
[info] but for now we'll just set up a default project.
[info] 
[info] i  .firebaserc already has a default project, using assignment-b73fe. 
[debug] [2021-06-03T04:25:03.329Z] >>> [apiv2][query] GET https://firebase.googleapis.com/v1beta1/projects/assignment-b73fe [none]
[debug] [2021-06-03T04:25:04.094Z] <<< [apiv2][status] GET https://firebase.googleapis.com/v1beta1/projects/assignment-b73fe 200
[debug] [2021-06-03T04:25:04.094Z] <<< [apiv2][body] GET https://firebase.googleapis.com/v1beta1/projects/assignment-b73fe {"projectId":"assignment-b73fe","projectNumber":"347476070481","displayName":"assignment","name":"projects/assignment-b73fe","resources":{"hostingSite":"assignment-b73fe"},"state":"ACTIVE"}
[info] 
=== Hosting Setup
[info] 
[info] Your public directory is the folder (relative to your project directory) that
[info] will contain Hosting assets to be uploaded with firebase deploy. If you
[info] have a build process for your assets, use your build's output directory.
[info] 
